{"level":"info","message":"[- test started -]********************************************","timestamp":"2018-02-17T10:28:01.547Z"}
{"level":"info","message":"--- url verified ---","timestamp":"2018-02-17T10:28:10.180Z"}
{"level":"info","message":"--- title verified ---","timestamp":"2018-02-17T10:28:10.188Z"}
{"level":"info","message":"--- clicked on product ---","timestamp":"2018-02-17T10:28:12.915Z"}
{"level":"info","message":"--- Added product to cart---","timestamp":"2018-02-17T10:28:18.060Z"}
{"level":"info","message":"[- test completed -]********************************************","timestamp":"2018-02-17T10:28:23.076Z"}
{"level":"info","message":"[- test started -]********************************************","timestamp":"2018-02-17T10:28:23.500Z"}
{"level":"info","message":"--- url verified ---","timestamp":"2018-02-17T10:28:26.801Z"}
{"level":"info","message":"--- title verified ---","timestamp":"2018-02-17T10:28:26.809Z"}
{"level":"info","message":"--- clicked on contact-us link ---","timestamp":"2018-02-17T10:28:29.897Z"}
{"level":"info","message":"--- submitted the message to customer care ---","timestamp":"2018-02-17T10:28:35.830Z"}
{"level":"info","message":"--- validated the succesful msg for msg sent to team ---","timestamp":"2018-02-17T10:28:35.868Z"}
{"level":"info","message":"[- test completed -]********************************************","timestamp":"2018-02-17T10:28:37.879Z"}
{"level":"info","message":"[- test started -]********************************************","timestamp":"2018-02-17T10:28:38.217Z"}
{"level":"info","message":"--- url verified ---","timestamp":"2018-02-17T10:28:40.238Z"}
{"level":"info","message":"--- title verified ---","timestamp":"2018-02-17T10:28:40.250Z"}
{"level":"info","message":"--- clicked on contact-us link ---","timestamp":"2018-02-17T10:28:41.484Z"}
{"level":"info","message":"--- submitted the message to customer care ---","timestamp":"2018-02-17T10:28:47.097Z"}
{"level":"info","message":"--- validated the error msg for incorrect email ---","timestamp":"2018-02-17T10:28:47.136Z"}
{"level":"info","message":"[- test completed -]********************************************","timestamp":"2018-02-17T10:28:49.143Z"}
{"level":"info","message":"[- test started -]********************************************","timestamp":"2018-02-17T10:28:49.481Z"}
{"level":"info","message":"--- url verified ---","timestamp":"2018-02-17T10:28:51.237Z"}
{"level":"info","message":"--- title verified ---","timestamp":"2018-02-17T10:28:51.252Z"}
{"level":"info","message":"--- validated the succesful msg for subscription ---","timestamp":"2018-02-17T10:28:55.212Z"}
{"level":"info","message":"[- test completed -]********************************************","timestamp":"2018-02-17T10:28:55.212Z"}
{"level":"info","message":"[- test started -]********************************************","timestamp":"2018-02-17T10:28:55.901Z"}
{"level":"info","message":"--- url verified ---","timestamp":"2018-02-17T10:28:58.985Z"}
{"level":"info","message":"--- title verified ---","timestamp":"2018-02-17T10:28:58.992Z"}
{"level":"info","message":"--- succesfully submitted the search query ---","timestamp":"2018-02-17T10:29:07.125Z"}
{"level":"info","message":"--- succesfully selected the search order as: Price: Lowest first ---","timestamp":"2018-02-17T10:29:07.126Z"}
{"level":"info","message":"[- test completed -]********************************************","timestamp":"2018-02-17T10:29:14.572Z"}
